SF:lib\main.dart
DA:8,0
DA:9,0
DA:10,0
DA:11,0
DA:19,1
DA:21,1
DA:23,1
DA:26,1
DA:29,1
DA:30,1
LF:10
LH:6
end_of_record
SF:lib\service\user_service.dart
DA:6,1
DA:8,0
DA:10,0
DA:12,0
DA:13,0
DA:14,0
DA:17,1
DA:18,1
DA:19,2
DA:22,1
DA:23,3
LF:11
LH:6
end_of_record
SF:lib\home.dart
DA:13,0
DA:15,0
DA:17,0
DA:18,0
DA:25,0
DA:27,0
DA:28,0
DA:31,0
DA:33,0
DA:34,0
DA:36,0
DA:37,0
DA:38,0
DA:40,0
DA:41,0
DA:42,0
DA:43,0
DA:44,0
DA:45,0
DA:48,0
DA:50,0
DA:60,0
DA:61,0
DA:62,0
DA:64,0
DA:65,0
DA:66,0
DA:69,0
DA:70,0
DA:71,0
DA:72,0
DA:73,0
DA:76,0
DA:77,0
DA:78,0
DA:81,0
DA:82,0
DA:83,0
DA:86,0
DA:87,0
DA:90,0
DA:91,0
DA:93,0
DA:96,0
DA:97,0
DA:100,0
DA:103,0
DA:104,0
DA:105,0
DA:107,0
DA:111,0
DA:112,0
DA:113,0
DA:124,0
DA:127,0
DA:129,0
DA:130,0
DA:131,0
DA:133,0
DA:134,0
DA:135,0
DA:136,0
DA:137,0
DA:139,0
DA:140,0
DA:142,0
DA:145,0
DA:148,0
DA:149,0
DA:150,0
DA:152,0
DA:153,0
DA:154,0
DA:156,0
DA:158,0
DA:160,0
DA:175,0
DA:179,0
DA:180,0
DA:184,0
DA:186,0
DA:187,0
DA:189,0
DA:191,0
LF:84
LH:0
end_of_record
SF:lib\schemas\item.g.dart
DA:11,0
DA:18,0
DA:19,0
DA:20,0
DA:21,0
DA:22,0
DA:23,0
DA:26,0
DA:28,0
DA:29,0
DA:30,0
DA:31,0
DA:33,0
DA:34,0
DA:35,0
DA:36,0
DA:38,0
DA:39,0
DA:40,0
DA:41,0
DA:43,0
DA:44,0
DA:45,0
DA:46,0
DA:48,0
DA:50,0
DA:51,0
DA:53,0
DA:55,0
DA:57,0
DA:59,0
DA:60,0
DA:62,0
DA:64,0
DA:65,0
LF:35
LH:0
end_of_record
SF:lib\service\item_service.dart
DA:8,0
DA:9,0
DA:12,0
DA:13,0
DA:14,0
DA:15,0
DA:16,0
DA:21,0
DA:22,0
DA:23,0
DA:26,0
DA:27,0
DA:28,0
DA:31,0
DA:32,0
DA:35,0
DA:36,0
LF:17
LH:0
end_of_record
SF:lib\splash.dart
DA:13,2
DA:16,2
DA:18,2
DA:20,2
DA:21,2
DA:22,2
DA:24,2
DA:26,2
DA:38,2
DA:40,2
DA:42,0
DA:44,0
DA:45,0
DA:46,0
DA:47,0
DA:48,0
DA:51,0
DA:53,0
DA:54,0
DA:62,2
DA:63,2
DA:65,0
DA:67,0
DA:68,0
DA:69,0
DA:70,0
DA:71,0
DA:74,0
DA:76,0
DA:77,0
LF:30
LH:12
end_of_record
SF:lib\login.dart
DA:13,2
DA:15,1
DA:17,1
DA:18,1
DA:19,1
DA:21,1
DA:22,1
DA:24,1
DA:39,1
DA:40,1
DA:46,1
DA:47,1
DA:55,1
DA:57,1
DA:59,1
DA:61,1
DA:62,2
DA:63,4
DA:64,0
DA:65,0
DA:66,0
DA:67,0
DA:68,0
DA:71,1
DA:73,3
DA:75,1
DA:76,2
DA:77,3
LF:28
LH:23
end_of_record
SF:lib\signup.dart
DA:13,2
DA:15,1
DA:17,1
DA:18,1
DA:19,1
DA:21,1
DA:22,1
DA:24,1
DA:39,1
DA:40,1
DA:46,1
DA:47,1
DA:55,1
DA:56,1
DA:58,1
DA:60,1
DA:61,2
DA:62,4
DA:63,0
DA:64,0
DA:65,0
DA:66,0
DA:67,0
DA:70,1
DA:72,3
DA:74,1
DA:75,2
DA:76,3
LF:28
LH:23
end_of_record
